<?xml version="1.0" encoding="UTF-8"?>
<testng-results ignored="0" total="2" passed="2" failed="0" skipped="0">
  <reporter-output>
  </reporter-output>
  <suite started-at="2023-08-14T16:13:50 IST" name="OpenCartSuite" finished-at="2023-08-14T16:14:07 IST" duration-ms="17277">
    <groups>
      <group name="Sanity">
        <method signature="TC_001_AccountRegistrationTest.test_account_Registration()[pri:0, instance:testCases.TC_001_AccountRegistrationTest@67c27493]" name="test_account_Registration" class="testCases.TC_001_AccountRegistrationTest"/>
      </group> <!-- Sanity -->
      <group name="regression">
        <method signature="TC_002_LoginTest.Test_login()[pri:0, instance:testCases.TC_002_LoginTest@4f83df68]" name="Test_login" class="testCases.TC_002_LoginTest"/>
      </group> <!-- regression -->
      <group name="master">
        <method signature="TC_001_AccountRegistrationTest.test_account_Registration()[pri:0, instance:testCases.TC_001_AccountRegistrationTest@67c27493]" name="test_account_Registration" class="testCases.TC_001_AccountRegistrationTest"/>
        <method signature="TC_002_LoginTest.Test_login()[pri:0, instance:testCases.TC_002_LoginTest@4f83df68]" name="Test_login" class="testCases.TC_002_LoginTest"/>
      </group> <!-- master -->
    </groups>
    <test started-at="2023-08-14T16:13:50 IST" name="OpenCartTest" finished-at="2023-08-14T16:14:07 IST" duration-ms="17277">
      <class name="testCases.TC_001_AccountRegistrationTest">
        <test-method is-config="true" signature="setup(java.lang.String)[pri:0, instance:testCases.TC_001_AccountRegistrationTest@67c27493]" started-at="2023-08-14T16:13:50 IST" name="setup" finished-at="2023-08-14T16:13:55 IST" duration-ms="5635" status="PASS">
          <params>
            <param index="0">
              <value>
                <![CDATA[edge]]>
              </value>
            </param>
          </params>
          <reporter-output>
          </reporter-output>
        </test-method> <!-- setup -->
        <test-method signature="test_account_Registration()[pri:0, instance:testCases.TC_001_AccountRegistrationTest@67c27493]" started-at="2023-08-14T16:13:55 IST" name="test_account_Registration" finished-at="2023-08-14T16:14:00 IST" duration-ms="4379" status="PASS">
          <reporter-output>
          </reporter-output>
        </test-method> <!-- test_account_Registration -->
        <test-method is-config="true" signature="teardown()[pri:0, instance:testCases.TC_001_AccountRegistrationTest@67c27493]" started-at="2023-08-14T16:14:00 IST" name="teardown" finished-at="2023-08-14T16:14:00 IST" duration-ms="222" status="PASS">
          <reporter-output>
          </reporter-output>
        </test-method> <!-- teardown -->
      </class> <!-- testCases.TC_001_AccountRegistrationTest -->
      <class name="testCases.TC_002_LoginTest">
        <test-method is-config="true" signature="setup(java.lang.String)[pri:0, instance:testCases.TC_002_LoginTest@4f83df68]" started-at="2023-08-14T16:14:00 IST" name="setup" finished-at="2023-08-14T16:14:05 IST" duration-ms="4559" status="PASS">
          <params>
            <param index="0">
              <value>
                <![CDATA[edge]]>
              </value>
            </param>
          </params>
          <reporter-output>
          </reporter-output>
        </test-method> <!-- setup -->
        <test-method signature="Test_login()[pri:0, instance:testCases.TC_002_LoginTest@4f83df68]" started-at="2023-08-14T16:14:05 IST" name="Test_login" finished-at="2023-08-14T16:14:06 IST" duration-ms="1905" status="PASS">
          <reporter-output>
          </reporter-output>
        </test-method> <!-- Test_login -->
        <test-method is-config="true" signature="teardown()[pri:0, instance:testCases.TC_002_LoginTest@4f83df68]" started-at="2023-08-14T16:14:06 IST" name="teardown" finished-at="2023-08-14T16:14:07 IST" duration-ms="375" status="PASS">
          <reporter-output>
          </reporter-output>
        </test-method> <!-- teardown -->
      </class> <!-- testCases.TC_002_LoginTest -->
    </test> <!-- OpenCartTest -->
  </suite> <!-- OpenCartSuite -->
</testng-results>
